<?xml version="1.0" encoding="utf-8"?>
<coverage line-rate="1" branch-rate="1" version="1.9" timestamp="1777266253" lines-covered="8" lines-valid="8" branches-covered="0" branches-valid="0">
  <sources>
    <source>/Users/11375458/Desktop/demo/husky/webapi/</source>
  </sources>
  <packages>
    <package name="webapi" line-rate="1" branch-rate="1" complexity="2">
      <classes>
        <class name="Program" filename="Program.cs" line-rate="1" branch-rate="1" complexity="1">
          <methods>
            <method name="&lt;Main&gt;$" signature="(System.String[])" line-rate="1" branch-rate="1" complexity="1">
              <lines>
                <line number="3" hits="1" branch="False" />
                <line number="4" hits="1" branch="False" />
                <line number="6" hits="2" branch="False" />
                <line number="7" hits="1" branch="False" />
                <line number="9" hits="1" branch="False" />
              </lines>
            </method>
          </methods>
          <lines>
            <line number="3" hits="1" branch="False" />
            <line number="4" hits="1" branch="False" />
            <line number="6" hits="2" branch="False" />
            <line number="7" hits="1" branch="False" />
            <line number="9" hits="1" branch="False" />
          </lines>
        </class>
        <class name="webapi.Endpoints.HealthEndpoints" filename="Endpoints/HealthEndpoints.cs" line-rate="1" branch-rate="1" complexity="1">
          <methods>
            <method name="MapHealthEndpoints" signature="(Microsoft.AspNetCore.Builder.WebApplication)" line-rate="1" branch-rate="1" complexity="1">
              <lines>
                <line number="6" hits="1" branch="False" />
                <line number="7" hits="2" branch="False" />
                <line number="8" hits="1" branch="False" />
              </lines>
            </method>
          </methods>
          <lines>
            <line number="6" hits="1" branch="False" />
            <line number="7" hits="2" branch="False" />
            <line number="8" hits="1" branch="False" />
          </lines>
        </class>
      </classes>
    </package>
  </packages>
</coverage>